<?xml version="1.0" encoding="UTF-8"?>
<testng-results ignored="0" total="1" passed="1" failed="0" skipped="0">
  <reporter-output>
  </reporter-output>
  <suite started-at="2019-06-24T08:57:51Z" name="Default suite" finished-at="2019-06-24T08:58:07Z" duration-ms="15822">
    <groups>
    </groups>
    <test started-at="2019-06-24T08:57:51Z" name="Default test" finished-at="2019-06-24T08:58:07Z" duration-ms="15822">
      <class name="AutomationFramework.FirstDay.NewTest">
        <test-method signature="f()[pri:0, instance:AutomationFramework.FirstDay.NewTest@691a7f8f]" started-at="2019-06-24T08:57:51Z" name="f" finished-at="2019-06-24T08:58:07Z" duration-ms="15754" status="PASS">
          <reporter-output>
          </reporter-output>
        </test-method> <!-- f -->
      </class> <!-- AutomationFramework.FirstDay.NewTest -->
    </test> <!-- Default test -->
  </suite> <!-- Default suite -->
</testng-results>
