<?xml version="1.0" encoding="UTF-8"?>
<testng-results ignored="0" total="1" passed="1" failed="0" skipped="0">
  <reporter-output>
  </reporter-output>
  <suite started-at="2019-06-19T12:34:19Z" name="Default suite" finished-at="2019-06-19T12:34:30Z" duration-ms="10786">
    <groups>
    </groups>
    <test started-at="2019-06-19T12:34:19Z" name="Default test" finished-at="2019-06-19T12:34:30Z" duration-ms="10786">
      <class name="AutomationFramework.FirstDay.NewTest">
        <test-method signature="f()[pri:0, instance:AutomationFramework.FirstDay.NewTest@2d9d4f9d]" started-at="2019-06-19T12:34:19Z" name="f" finished-at="2019-06-19T12:34:30Z" duration-ms="10748" status="PASS">
          <reporter-output>
          </reporter-output>
        </test-method> <!-- f -->
      </class> <!-- AutomationFramework.FirstDay.NewTest -->
    </test> <!-- Default test -->
  </suite> <!-- Default suite -->
</testng-results>
